/usr/local/stacks-1.29/bin/process_radtags -f ../radseq/C05F2ACXX_5_fastq -o ../radseq/outputRadseq/ -b ../radseq/barcode_line5.txt -e apeKI -i fastq
/usr/local/stacks-1.29/bin/process_radtags version 1.29 executed 2015-05-29 11:29:33

File	Retained Reads	Low Quality	Ambiguous Barcodes	Ambiguous RAD-Tag	Total
C05F2ACXX_5_fastq	2480	0	0	20	2500

Total Sequences	2500
Ambiguous Barcodes	0
Low Quality	0
Ambiguous RAD-Tag	20
Retained Reads	2480

Barcode	Filename	Total	No RadTag	Low Quality	Retained
CTCC	B73	16	0	0	16
TTCTC	Mo17	0	0	0	0
GCTTA	M0034	31	0	0	31
AACGCCT	M0035	19	0	0	19
AGGC	M0077	17	0	0	17
TCGTT	M0079	14	0	0	14
TGGCTA	M0322	48	0	0	48
TGCTGGA	M0323	55	0	0	55
TGCA	M0001	4	0	0	4
AGCCC	M0005	8	0	0	8
CTTCCA	M0039	32	0	0	32
AATATGC	M0040	10	0	0	10
GATC	M0262	11	0	0	11
ACCTAA	M0264	50	0	0	50
ACGTGTT	M0325	3	0	0	3
AACCGAGA	M0326	15	0	0	15
ACTA	M0007	86	0	0	86
GTATT	M0008	6	0	0	6
GAGATA	M0043	15	0	0	15
ACGACTAC	M0044	5	0	0	5
TCAC	M0265	0	0	0	0
ATATGT	M0266	24	0	0	24
ATTAATT	M0328	9	0	0	9
ACAGGGAA	M0337	17	0	0	17
CAGA	M0010	18	0	0	18
CTGTA	M0012	37	0	0	37
ATGCCT	M0045	33	0	0	33
GGTGT	M0046	65	0	0	65
AGGAT	M0267	16	0	0	16
ATCGTA	M0269	0	0	0	0
ATTGGAT	M0341	13	0	0	13
ACGTGGTA	M0344	38	0	0	38
AACT	M0014	87	0	0	87
ACCGT	M0015	24	0	0	24
TATTTTT	M0048	5	0	0	5
TAGCATGC	M0051	19	0	0	19
ATTGA	M0272	58	0	0	58
CATCGT	M0275	0	0	0	0
CATAAGT	M0345	23	0	0	23
CCATGGGT	M0346	28	0	0	28
GCGT	M0016	4	0	0	4
GTAA	M0017	39	0	0	39
CTTGCTT	M0052	9	0	0	9
AGTGGA	M0054	16	0	0	16
CATCT	M0276	37	0	0	37
CGCGGT	M0281	9	0	0	9
CGCTGAT	M0352	7	0	0	7
CGCGGAGA	M0354	30	0	0	30
TGCGA	M0021	115	0	0	115
GGTTGT	M0022	23	0	0	23
ATGAAAC	M0055	13	0	0	13
TAGGCCAT	M0057	12	0	0	12
CCTAC	M0284	4	0	0	4
CTATTA	M0287	15	0	0	15
CGGTAGA	M0355	38	0	0	38
CGTGTGGT	M0357	24	0	0	24
CGAT	M0023	15	0	0	15
CCAGCT	M0024	13	0	0	13
AAAAGTT	M0058	15	0	0	15
TGCAAGGA	M0060	52	0	0	52
GAGGA	M0288	33	0	0	33
GCCAGT	M0296	21	0	0	21
CTACGGA	M0360	13	0	0	13
GCTGTGGA	M0364	60	0	0	60
CGCTT	M0025	24	0	0	24
TTCAGA	M0027	28	0	0	28
GAATTCA	M0061	22	0	0	22
TGGTACGT	M0062	26	0	0	26
GGAAC	M0297	18	0	0	18
GGAAGA	M0298	31	0	0	31
GCGGAAT	M0365	15	0	0	15
GGATTGGT	M0368	29	0	0	29
TCACC	M0028	28	20	0	8
TAGGAA	M0029	49	0	0	49
GAACTTC	M0063	10	0	0	10
TCTCAGTC	M0066	38	0	0	38
GTCAA	M0309	70	0	0	70
GTACTT	M0310	9	0	0	9
TAGCGGA	M0369	29	0	0	29
GTGAGGGT	M0378	31	0	0	31
CTAGC	M0030	15	0	0	15
GCTCTA	M0031	33	0	0	33
GGACCTA	M0067	26	0	0	26
CCGGATAT	M0074	20	0	0	20
TAATA	M0311	60	0	0	60
GTTGAA	M0315	38	0	0	38
TCGAAGA	M0379	25	0	0	25
TATCGGGA	M0382	14	0	0	14
ACAAA	M0032	8	0	0	8
CCACAA	M0033	30	0	0	30
GTCGATT	M0075	50	0	0	50
CGCCTTAT	M0076	32	0	0	32
TACAT	M0317	19	0	0	19
TAACGA	M0321	32	0	0	32
TCTGTGA	M0383	35	0	0	35
TTCCTGGA	M0384	30	0	0	30

Sequences not recorded
Barcode	Total
