/usr/local/stacks-1.29/bin/process_radtags -p ../radseq/radseqInput/lane5/ -o ../radseq/outputRadseq/ -b ../radseq/radseqInput/barcode/barcode_run01_lane5.txt -e apeKI -i fastq
/usr/local/stacks-1.29/bin/process_radtags version 1.29 executed 2015-06-10 11:27:19

File	Retained Reads	Low Quality	Ambiguous Barcodes	Ambiguous RAD-Tag	Total
C05F2ACXX_5.fastq	24831	0	0	169	25000

Total Sequences	25000
Ambiguous Barcodes	0
Low Quality	0
Ambiguous RAD-Tag	169
Retained Reads	24831

Barcode	Filename	Total	No RadTag	Low Quality	Retained
CTCC	B73	163	0	0	163
TTCTC	Mo17	16	0	0	16
GCTTA	M0034	277	0	0	277
AACGCCT	M0035	236	0	0	236
AGGC	M0077	212	0	0	212
TCGTT	M0079	171	0	0	171
TGGCTA	M0322	328	0	0	328
TGCTGGA	M0323	649	0	0	649
TGCA	M0001	62	0	0	62
AGCCC	M0005	132	0	0	132
CTTCCA	M0039	285	0	0	285
AATATGC	M0040	108	0	0	108
GATC	M0262	90	0	0	90
ACCTAA	M0264	368	0	0	368
ACGTGTT	M0325	70	0	0	70
AACCGAGA	M0326	147	0	0	147
ACTA	M0007	854	0	0	854
GTATT	M0008	89	0	0	89
GAGATA	M0043	209	0	0	209
ACGACTAC	M0044	64	0	0	64
TCAC	M0265	0	0	0	0
ATATGT	M0266	244	0	0	244
ATTAATT	M0328	47	0	0	47
ACAGGGAA	M0337	220	0	0	220
CAGA	M0010	131	0	0	131
CTGTA	M0012	420	0	0	420
ATGCCT	M0045	291	0	0	291
GGTGT	M0046	560	0	0	560
AGGAT	M0267	194	0	0	194
ATCGTA	M0269	0	0	0	0
ATTGGAT	M0341	125	0	0	125
ACGTGGTA	M0344	413	0	0	413
AACT	M0014	974	0	0	974
ACCGT	M0015	212	0	0	212
TATTTTT	M0048	31	0	0	31
TAGCATGC	M0051	137	0	0	137
ATTGA	M0272	467	0	0	467
CATCGT	M0275	0	0	0	0
CATAAGT	M0345	265	0	0	265
CCATGGGT	M0346	295	0	0	295
GCGT	M0016	41	0	0	41
GTAA	M0017	393	0	0	393
CTTGCTT	M0052	81	0	0	81
AGTGGA	M0054	236	0	0	236
CATCT	M0276	418	0	0	418
CGCGGT	M0281	108	0	0	108
CGCTGAT	M0352	66	0	0	66
CGCGGAGA	M0354	327	0	0	327
TGCGA	M0021	1057	0	0	1057
GGTTGT	M0022	227	0	0	227
ATGAAAC	M0055	147	0	0	147
TAGGCCAT	M0057	89	0	0	89
CCTAC	M0284	20	0	0	20
CTATTA	M0287	100	0	0	100
CGGTAGA	M0355	393	0	0	393
CGTGTGGT	M0357	252	0	0	252
CGAT	M0023	185	0	0	185
CCAGCT	M0024	126	0	0	126
AAAAGTT	M0058	164	0	0	164
TGCAAGGA	M0060	463	0	0	463
GAGGA	M0288	363	0	0	363
GCCAGT	M0296	232	0	0	232
CTACGGA	M0360	123	0	0	123
GCTGTGGA	M0364	557	0	0	557
CGCTT	M0025	261	0	0	261
TTCAGA	M0027	382	0	0	382
GAATTCA	M0061	172	0	0	172
TGGTACGT	M0062	202	0	0	202
GGAAC	M0297	243	0	0	243
GGAAGA	M0298	398	0	0	398
GCGGAAT	M0365	131	0	0	131
GGATTGGT	M0368	300	0	0	300
TCACC	M0028	247	169	0	78
TAGGAA	M0029	412	0	0	412
GAACTTC	M0063	85	0	0	85
TCTCAGTC	M0066	303	0	0	303
GTCAA	M0309	634	0	0	634
GTACTT	M0310	132	0	0	132
TAGCGGA	M0369	312	0	0	312
GTGAGGGT	M0378	269	0	0	269
CTAGC	M0030	129	0	0	129
GCTCTA	M0031	435	0	0	435
GGACCTA	M0067	334	0	0	334
CCGGATAT	M0074	222	0	0	222
TAATA	M0311	543	0	0	543
GTTGAA	M0315	402	0	0	402
TCGAAGA	M0379	258	0	0	258
TATCGGGA	M0382	97	0	0	97
ACAAA	M0032	88	0	0	88
CCACAA	M0033	219	0	0	219
GTCGATT	M0075	651	0	0	651
CGCCTTAT	M0076	280	0	0	280
TACAT	M0317	148	0	0	148
TAACGA	M0321	398	0	0	398
TCTGTGA	M0383	325	0	0	325
TTCCTGGA	M0384	264	0	0	264

Sequences not recorded
Barcode	Total
