/usr/local/stacks-1.29/bin/process_radtags -p ../radseq/radseqInput/lane6/ -o ../radseq/outputRadseq/ -b ../radseq/radseqInput/barcode/barcode_run01_lane6.txt -e apeKI -i fastq
/usr/local/stacks-1.29/bin/process_radtags version 1.29 executed 2015-06-10 11:27:20

File	Retained Reads	Low Quality	Ambiguous Barcodes	Ambiguous RAD-Tag	Total
C08L7ACXX_6.fastq	24908	0	0	92	25000

Total Sequences	25000
Ambiguous Barcodes	0
Low Quality	0
Ambiguous RAD-Tag	92
Retained Reads	24908

Barcode	Filename	Total	No RadTag	Low Quality	Retained
CTCC	DE_2	139	0	0	139
TTCTC	EMPTY	0	0	0	0
GCTTA	NC250	293	0	0	293
AACGCCT	B109	122	0	0	122
AGGC	B73Htrhm	183	0	0	183
TCGTT	R109B	190	0	0	190
TGGCTA	CM174	318	0	0	318
TGCTGGA	CML281	272	0	0	272
TGCA	R168	319	0	0	319
AGCCC	A239	128	0	0	128
CTTCCA	A680	292	0	0	292
AATATGC	NC328	68	0	0	68
GATC	CH701-30	126	0	0	126
ACCTAA	CML228	289	0	0	289
ACGTGTT	WD	127	0	0	127
AACCGAGA	DE_3	242	0	0	242
ACTA	NC290A	305	0	0	305
GTATT	B104	231	0	0	231
GAGATA	NC356	267	0	0	267
ACGACTAC	A619	121	0	0	121
TCAC	CML287	0	0	0	0
ATATGT	CML92	165	0	0	165
ATTAATT	Ki14	73	0	0	73
ACAGGGAA	L317	252	0	0	252
CAGA	CML14	418	0	0	418
CTGTA	NC230	377	0	0	377
ATGCCT	CI28A	260	0	0	260
GGTGT	NC262	240	0	0	240
AGGAT	W117Ht	242	0	0	242
ATCGTA	A632	298	0	0	298
ATTGGAT	CML45	235	0	0	235
ACGTGGTA	CI3A	330	0	0	330
AACT	NC338	376	0	0	376
ACCGT	A272	220	0	0	220
TATTTTT	Va59	150	0	0	150
TAGCATGC	B103	135	0	0	135
ATTGA	A682	321	0	0	321
CATCGT	Sg18	177	0	0	177
CATAAGT	NC368	301	0	0	301
CCATGGGT	Os420	308	0	0	308
GCGT	CO106	320	0	0	320
GTAA	CML258	367	0	0	367
CTTGCTT	A554	126	0	0	126
AGTGGA	F6	203	0	0	203
CATCT	Tzi25	166	0	0	166
CGCGGT	CML277	227	0	0	227
CGCTGAT	NC320	189	0	0	189
CGCGGAGA	CML323	322	0	0	322
TGCGA	W22	337	0	0	337
GGTTGT	B97	404	0	0	404
ATGAAAC	NC298	186	0	0	186
TAGGCCAT	Oh603	187	0	0	187
CCTAC	Oh43E	240	0	0	240
CTATTA	Va35	280	0	0	280
CGGTAGA	CO125	333	0	0	333
CGTGTGGT	NC364	305	0	0	305
CGAT	M14	313	0	0	313
CCAGCT	SC213R	191	0	0	191
AAAAGTT	H91	172	0	0	172
TGCAAGGA	Oh40B	258	0	0	258
GAGGA	CI_7	346	0	0	346
GCCAGT	NC300	220	0	0	220
CTACGGA	CI66	274	0	0	274
GCTGTGGA	33-16	362	0	0	362
CGCTT	CML220	404	0	0	404
TTCAGA	K55	295	0	0	295
GAATTCA	CML52	396	0	0	396
TGGTACGT	CML333	315	0	0	315
GGAAC	NC318	338	0	0	338
GGAAGA	Ki11	419	0	0	419
GCGGAAT	B10	266	0	0	266
GGATTGGT	CML238	305	0	0	305
TCACC	B84	404	92	0	312
TAGGAA	B76	337	0	0	337
GAACTTC	Pa875	245	0	0	245
TCTCAGTC	CML332	133	0	0	133
GTCAA	CM105	411	0	0	411
GTACTT	B77	287	0	0	287
TAGCGGA	I29	332	0	0	332
GTGAGGGT	I137TN	350	0	0	350
CTAGC	Va99	308	0	0	308
GCTCTA	IDS28	354	0	0	354
GGACCTA	W153R	414	0	0	414
CCGGATAT	A659	198	0	0	198
TAATA	F7	405	0	0	405
GTTGAA	EP1	324	0	0	324
TCGAAGA	W182B	436	0	0	436
TATCGGGA	CML157Q	321	0	0	321
ACAAA	A654	389	0	0	389
CCACAA	Va22	309	0	0	309
GTCGATT	C103	250	0	0	250
CGCCTTAT	H95	170	0	0	170
TACAT	CML91	301	0	0	301
TAACGA	CML311	252	0	0	252
TCTGTGA	tripsacum	91	0	0	91
TTCCTGGA	EMPTY	3	0	0	3

Sequences not recorded
Barcode	Total
